fzaninotto/Faker,2015-08-11,https://github.com/fzaninotto/Faker.git
fog/fog,2015-08-11,https://github.com/fog/fog.git
saltsack/salt,2015-08-11,https://github.com/saltstack/salt.git
Seldaek/monolog,2015-08-11,https://github.com/Seldaek/monolog.git
rails/rails,2015-08-11,https://github.com/rails/rails.git
joomla/joomla-cms,2015-08-11,https://github.com/joomla/joomla-cms.git
scikit-learn/scikit-learn,2015-08-11,https://github.com/scikit-learn/scikit-learn.git
chef/Chef,2015-08-11,https://github.com/chef/chef.git
ember/ember/js,2015-08-11,https://github.com/emberjs/ember.js.git
resque/resque,2015-08-11,https://github.com/resque/resque.git
spotify/luigi,2015-08-11,https://github.com/spotify/luigi.git
ipython/ipython,2015-08-11,https://github.com/ipython/ipython.git
jquery/jquery,2015-08-11,https://github.com/jquery/jquery.git
bitcoin/bitcoin,2015-08-10,https://github.com/bitcoin/bitcoin.git
yiisoft/yii2,2015-08-10,https://github.com/yiisoft/yii2.git
clojure/clojure,2015-08-07,https://github.com/clojure/clojure.git
composer/composer,2015-08-07,https://github.com/composer/composer.git
elasticsearch/elasticsearch,2015-08-07,https://github.com/elastic/elasticsearch.git
elasticsearch/logstash,2015-08-11,https://github.com/elastic/logstash.git
androidannotations/androidannotations,2015-08-07,https://github.com/androidannotations/androidannotations.git
facebook/osquery,2015-08-06,https://github.com/osquery/osquery.git
FriendsOfPHP/PHP-CS-Fixer,2015-08-07,https://github.com/PHP-CS-Fixer/PHP-CS-Fixer.git
github/linguist,2015-08-07,https://github.com/github-linguist/linguist.git